<?xml version="1.0" encoding="UTF-8"?>
<testsuite xmlns:xsi="http://www.w3.org/2001/XMLSchema-instance" xsi:noNamespaceSchemaLocation="https://maven.apache.org/surefire/maven-surefire-plugin/xsd/surefire-test-report-3.0.xsd" version="3.0" name="TestSuite" time="12.191" tests="1" errors="0" skipped="0" failures="0">
  <properties>
    <property name="sun.desktop" value="windows"/>
    <property name="awt.toolkit" value="sun.awt.windows.WToolkit"/>
    <property name="file.encoding.pkg" value="sun.io"/>
    <property name="java.specification.version" value="1.8"/>
    <property name="webdriver.chrome.driver" value="C:\Users\DELL\.cache\selenium\chromedriver\win32\85.0.4183.87\chromedriver.exe"/>
    <property name="sun.cpu.isalist" value="amd64"/>
    <property name="sun.jnu.encoding" value="Cp1252"/>
    <property name="java.class.path" value="E:\PSL KnowledgeCenter\TrainingActivity\Parameterize\target\test-classes;E:\PSL KnowledgeCenter\TrainingActivity\Parameterize\target\classes;D:\Eclipse\Maven Repository\junit\junit\4.12\junit-4.12.jar;D:\Eclipse\Maven Repository\org\hamcrest\hamcrest-core\1.3\hamcrest-core-1.3.jar;D:\Eclipse\Maven Repository\org\seleniumhq\selenium\selenium-java\3.14.0\selenium-java-3.14.0.jar;D:\Eclipse\Maven Repository\org\seleniumhq\selenium\selenium-api\3.14.0\selenium-api-3.14.0.jar;D:\Eclipse\Maven Repository\org\seleniumhq\selenium\selenium-chrome-driver\3.14.0\selenium-chrome-driver-3.14.0.jar;D:\Eclipse\Maven Repository\org\seleniumhq\selenium\selenium-edge-driver\3.14.0\selenium-edge-driver-3.14.0.jar;D:\Eclipse\Maven Repository\org\seleniumhq\selenium\selenium-firefox-driver\3.14.0\selenium-firefox-driver-3.14.0.jar;D:\Eclipse\Maven Repository\org\seleniumhq\selenium\selenium-ie-driver\3.14.0\selenium-ie-driver-3.14.0.jar;D:\Eclipse\Maven Repository\org\seleniumhq\selenium\selenium-opera-driver\3.14.0\selenium-opera-driver-3.14.0.jar;D:\Eclipse\Maven Repository\org\seleniumhq\selenium\selenium-remote-driver\3.14.0\selenium-remote-driver-3.14.0.jar;D:\Eclipse\Maven Repository\org\seleniumhq\selenium\selenium-safari-driver\3.14.0\selenium-safari-driver-3.14.0.jar;D:\Eclipse\Maven Repository\org\seleniumhq\selenium\selenium-support\3.14.0\selenium-support-3.14.0.jar;D:\Eclipse\Maven Repository\net\bytebuddy\byte-buddy\1.8.15\byte-buddy-1.8.15.jar;D:\Eclipse\Maven Repository\org\apache\commons\commons-exec\1.3\commons-exec-1.3.jar;D:\Eclipse\Maven Repository\commons-codec\commons-codec\1.10\commons-codec-1.10.jar;D:\Eclipse\Maven Repository\commons-logging\commons-logging\1.2\commons-logging-1.2.jar;D:\Eclipse\Maven Repository\com\google\guava\guava\25.0-jre\guava-25.0-jre.jar;D:\Eclipse\Maven Repository\com\google\code\findbugs\jsr305\1.3.9\jsr305-1.3.9.jar;D:\Eclipse\Maven Repository\org\checkerframework\checker-compat-qual\2.0.0\checker-compat-qual-2.0.0.jar;D:\Eclipse\Maven Repository\com\google\errorprone\error_prone_annotations\2.1.3\error_prone_annotations-2.1.3.jar;D:\Eclipse\Maven Repository\com\google\j2objc\j2objc-annotations\1.1\j2objc-annotations-1.1.jar;D:\Eclipse\Maven Repository\org\codehaus\mojo\animal-sniffer-annotations\1.14\animal-sniffer-annotations-1.14.jar;D:\Eclipse\Maven Repository\org\apache\httpcomponents\httpclient\4.5.5\httpclient-4.5.5.jar;D:\Eclipse\Maven Repository\org\apache\httpcomponents\httpcore\4.4.9\httpcore-4.4.9.jar;D:\Eclipse\Maven Repository\com\squareup\okhttp3\okhttp\3.10.0\okhttp-3.10.0.jar;D:\Eclipse\Maven Repository\com\squareup\okio\okio\1.14.1\okio-1.14.1.jar;D:\Eclipse\Maven Repository\org\testng\testng\6.11\testng-6.11.jar;D:\Eclipse\Maven Repository\com\beust\jcommander\1.64\jcommander-1.64.jar;D:\Eclipse\Maven Repository\org\yaml\snakeyaml\1.17\snakeyaml-1.17.jar;D:\Eclipse\Maven Repository\io\github\bonigarcia\webdrivermanager\4.2.0\webdrivermanager-4.2.0.jar;D:\Eclipse\Maven Repository\org\slf4j\slf4j-api\1.7.30\slf4j-api-1.7.30.jar;D:\Eclipse\Maven Repository\commons-io\commons-io\2.7\commons-io-2.7.jar;D:\Eclipse\Maven Repository\com\google\code\gson\gson\2.8.6\gson-2.8.6.jar;D:\Eclipse\Maven Repository\org\apache\commons\commons-lang3\3.11\commons-lang3-3.11.jar;D:\Eclipse\Maven Repository\org\apache\httpcomponents\client5\httpclient5\5.0.1\httpclient5-5.0.1.jar;D:\Eclipse\Maven Repository\org\apache\httpcomponents\core5\httpcore5\5.0.1\httpcore5-5.0.1.jar;D:\Eclipse\Maven Repository\org\apache\httpcomponents\core5\httpcore5-h2\5.0.1\httpcore5-h2-5.0.1.jar;D:\Eclipse\Maven Repository\org\rauschig\jarchivelib\1.0.0\jarchivelib-1.0.0.jar;D:\Eclipse\Maven Repository\org\apache\commons\commons-compress\1.18\commons-compress-1.18.jar;D:\Eclipse\Maven Repository\org\jsoup\jsoup\1.13.1\jsoup-1.13.1.jar;"/>
    <property name="java.vm.vendor" value="Oracle Corporation"/>
    <property name="sun.arch.data.model" value="64"/>
    <property name="user.variant" value=""/>
    <property name="java.vendor.url" value="http://java.oracle.com/"/>
    <property name="user.timezone" value="Asia/Calcutta"/>
    <property name="java.vm.specification.version" value="1.8"/>
    <property name="os.name" value="Windows 10"/>
    <property name="user.country" value="IN"/>
    <property name="sun.java.launcher" value="SUN_STANDARD"/>
    <property name="sun.boot.library.path" value="C:\Program Files\Java\jdk1.8.0_191\jre\bin"/>
    <property name="sun.java.command" value="C:\Users\DELL\AppData\Local\Temp\surefire7923241808893616170\surefirebooter2088655962401727390.jar C:\Users\DELL\AppData\Local\Temp\surefire7923241808893616170 2020-09-20T21-11-25_374-jvmRun1 surefire2438371608826357501tmp surefire_04928733187699757439tmp"/>
    <property name="surefire.test.class.path" value="E:\PSL KnowledgeCenter\TrainingActivity\Parameterize\target\test-classes;E:\PSL KnowledgeCenter\TrainingActivity\Parameterize\target\classes;D:\Eclipse\Maven Repository\junit\junit\4.12\junit-4.12.jar;D:\Eclipse\Maven Repository\org\hamcrest\hamcrest-core\1.3\hamcrest-core-1.3.jar;D:\Eclipse\Maven Repository\org\seleniumhq\selenium\selenium-java\3.14.0\selenium-java-3.14.0.jar;D:\Eclipse\Maven Repository\org\seleniumhq\selenium\selenium-api\3.14.0\selenium-api-3.14.0.jar;D:\Eclipse\Maven Repository\org\seleniumhq\selenium\selenium-chrome-driver\3.14.0\selenium-chrome-driver-3.14.0.jar;D:\Eclipse\Maven Repository\org\seleniumhq\selenium\selenium-edge-driver\3.14.0\selenium-edge-driver-3.14.0.jar;D:\Eclipse\Maven Repository\org\seleniumhq\selenium\selenium-firefox-driver\3.14.0\selenium-firefox-driver-3.14.0.jar;D:\Eclipse\Maven Repository\org\seleniumhq\selenium\selenium-ie-driver\3.14.0\selenium-ie-driver-3.14.0.jar;D:\Eclipse\Maven Repository\org\seleniumhq\selenium\selenium-opera-driver\3.14.0\selenium-opera-driver-3.14.0.jar;D:\Eclipse\Maven Repository\org\seleniumhq\selenium\selenium-remote-driver\3.14.0\selenium-remote-driver-3.14.0.jar;D:\Eclipse\Maven Repository\org\seleniumhq\selenium\selenium-safari-driver\3.14.0\selenium-safari-driver-3.14.0.jar;D:\Eclipse\Maven Repository\org\seleniumhq\selenium\selenium-support\3.14.0\selenium-support-3.14.0.jar;D:\Eclipse\Maven Repository\net\bytebuddy\byte-buddy\1.8.15\byte-buddy-1.8.15.jar;D:\Eclipse\Maven Repository\org\apache\commons\commons-exec\1.3\commons-exec-1.3.jar;D:\Eclipse\Maven Repository\commons-codec\commons-codec\1.10\commons-codec-1.10.jar;D:\Eclipse\Maven Repository\commons-logging\commons-logging\1.2\commons-logging-1.2.jar;D:\Eclipse\Maven Repository\com\google\guava\guava\25.0-jre\guava-25.0-jre.jar;D:\Eclipse\Maven Repository\com\google\code\findbugs\jsr305\1.3.9\jsr305-1.3.9.jar;D:\Eclipse\Maven Repository\org\checkerframework\checker-compat-qual\2.0.0\checker-compat-qual-2.0.0.jar;D:\Eclipse\Maven Repository\com\google\errorprone\error_prone_annotations\2.1.3\error_prone_annotations-2.1.3.jar;D:\Eclipse\Maven Repository\com\google\j2objc\j2objc-annotations\1.1\j2objc-annotations-1.1.jar;D:\Eclipse\Maven Repository\org\codehaus\mojo\animal-sniffer-annotations\1.14\animal-sniffer-annotations-1.14.jar;D:\Eclipse\Maven Repository\org\apache\httpcomponents\httpclient\4.5.5\httpclient-4.5.5.jar;D:\Eclipse\Maven Repository\org\apache\httpcomponents\httpcore\4.4.9\httpcore-4.4.9.jar;D:\Eclipse\Maven Repository\com\squareup\okhttp3\okhttp\3.10.0\okhttp-3.10.0.jar;D:\Eclipse\Maven Repository\com\squareup\okio\okio\1.14.1\okio-1.14.1.jar;D:\Eclipse\Maven Repository\org\testng\testng\6.11\testng-6.11.jar;D:\Eclipse\Maven Repository\com\beust\jcommander\1.64\jcommander-1.64.jar;D:\Eclipse\Maven Repository\org\yaml\snakeyaml\1.17\snakeyaml-1.17.jar;D:\Eclipse\Maven Repository\io\github\bonigarcia\webdrivermanager\4.2.0\webdrivermanager-4.2.0.jar;D:\Eclipse\Maven Repository\org\slf4j\slf4j-api\1.7.30\slf4j-api-1.7.30.jar;D:\Eclipse\Maven Repository\commons-io\commons-io\2.7\commons-io-2.7.jar;D:\Eclipse\Maven Repository\com\google\code\gson\gson\2.8.6\gson-2.8.6.jar;D:\Eclipse\Maven Repository\org\apache\commons\commons-lang3\3.11\commons-lang3-3.11.jar;D:\Eclipse\Maven Repository\org\apache\httpcomponents\client5\httpclient5\5.0.1\httpclient5-5.0.1.jar;D:\Eclipse\Maven Repository\org\apache\httpcomponents\core5\httpcore5\5.0.1\httpcore5-5.0.1.jar;D:\Eclipse\Maven Repository\org\apache\httpcomponents\core5\httpcore5-h2\5.0.1\httpcore5-h2-5.0.1.jar;D:\Eclipse\Maven Repository\org\rauschig\jarchivelib\1.0.0\jarchivelib-1.0.0.jar;D:\Eclipse\Maven Repository\org\apache\commons\commons-compress\1.18\commons-compress-1.18.jar;D:\Eclipse\Maven Repository\org\jsoup\jsoup\1.13.1\jsoup-1.13.1.jar;"/>
    <property name="sun.cpu.endian" value="little"/>
    <property name="user.home" value="C:\Users\DELL"/>
    <property name="user.language" value="en"/>
    <property name="java.specification.vendor" value="Oracle Corporation"/>
    <property name="java.home" value="C:\Program Files\Java\jdk1.8.0_191\jre"/>
    <property name="basedir" value="E:\PSL KnowledgeCenter\TrainingActivity\Parameterize"/>
    <property name="file.separator" value="\"/>
    <property name="line.separator" value="&#10;"/>
    <property name="java.vm.specification.vendor" value="Oracle Corporation"/>
    <property name="java.specification.name" value="Java Platform API Specification"/>
    <property name="java.awt.graphicsenv" value="sun.awt.Win32GraphicsEnvironment"/>
    <property name="surefire.real.class.path" value="C:\Users\DELL\AppData\Local\Temp\surefire7923241808893616170\surefirebooter2088655962401727390.jar"/>
    <property name="sun.boot.class.path" value="C:\Program Files\Java\jdk1.8.0_191\jre\lib\resources.jar;C:\Program Files\Java\jdk1.8.0_191\jre\lib\rt.jar;C:\Program Files\Java\jdk1.8.0_191\jre\lib\sunrsasign.jar;C:\Program Files\Java\jdk1.8.0_191\jre\lib\jsse.jar;C:\Program Files\Java\jdk1.8.0_191\jre\lib\jce.jar;C:\Program Files\Java\jdk1.8.0_191\jre\lib\charsets.jar;C:\Program Files\Java\jdk1.8.0_191\jre\lib\jfr.jar;C:\Program Files\Java\jdk1.8.0_191\jre\classes"/>
    <property name="user.script" value=""/>
    <property name="sun.management.compiler" value="HotSpot 64-Bit Tiered Compilers"/>
    <property name="java.runtime.version" value="1.8.0_191-b12"/>
    <property name="user.name" value="DELL"/>
    <property name="path.separator" value=";"/>
    <property name="os.version" value="10.0"/>
    <property name="java.endorsed.dirs" value="C:\Program Files\Java\jdk1.8.0_191\jre\lib\endorsed"/>
    <property name="java.runtime.name" value="Java(TM) SE Runtime Environment"/>
    <property name="file.encoding" value="Cp1252"/>
    <property name="browser" value="chrome"/>
    <property name="java.vm.name" value="Java HotSpot(TM) 64-Bit Server VM"/>
    <property name="localRepository" value="D:\Eclipse\Maven Repository"/>
    <property name="java.vendor.url.bug" value="http://bugreport.sun.com/bugreport/"/>
    <property name="java.io.tmpdir" value="C:\Users\DELL\AppData\Local\Temp\"/>
    <property name="java.version" value="1.8.0_191"/>
    <property name="user.dir" value="E:\PSL KnowledgeCenter\TrainingActivity\Parameterize"/>
    <property name="os.arch" value="amd64"/>
    <property name="java.vm.specification.name" value="Java Virtual Machine Specification"/>
    <property name="java.awt.printerjob" value="sun.awt.windows.WPrinterJob"/>
    <property name="sun.os.patch.level" value=""/>
    <property name="java.library.path" value="C:\Program Files\Java\jdk1.8.0_191\jre\bin;C:\Windows\Sun\Java\bin;C:\Windows\system32;C:\Windows;C:\Program Files\Java\jdk1.8.0_191/bin;C:\Program Files\Java\jdk1.8.0_191/bin;C:\Program Files (x86)\Common Files\Oracle\Java\javapath;C:\Windows\system32;C:\Windows;C:\Windows\System32\Wbem;C:\Windows\System32\WindowsPowerShell\v1.0\;C:\Windows\System32\OpenSSH\;D:\Eclipse\apache-maven-3.6.0-bin\apache-maven-3.6.0\bin;C:\Program Files\Git\cmd;C:\Program Files\Java\jdk1.8.0_191\bin;C:\Program Files\nodejs\;D:\Eclipse\go1.14.7.windows-386\go\bin;C:\Users\DELL\AppData\Local\Microsoft\WindowsApps;C:\Users\DELL\AppData\Roaming\npm;."/>
    <property name="java.vm.info" value="mixed mode"/>
    <property name="java.vendor" value="Oracle Corporation"/>
    <property name="java.vm.version" value="25.191-b12"/>
    <property name="java.ext.dirs" value="C:\Program Files\Java\jdk1.8.0_191\jre\lib\ext;C:\Windows\Sun\Java\lib\ext"/>
    <property name="sun.io.unicode.encoding" value="UnicodeLittle"/>
    <property name="java.class.version" value="52.0"/>
  </properties>
  <testcase name="test1" classname="Jenkins.Parameterize.Testing" time="0.012">
    <system-out><![CDATA[E:\PSL KnowledgeCenter\TrainingActivity\Parameterize
OrangeHRM
]]></system-out>
    <system-err><![CDATA[SLF4J: Failed to load class "org.slf4j.impl.StaticLoggerBinder".
SLF4J: Defaulting to no-operation (NOP) logger implementation
SLF4J: See http://www.slf4j.org/codes.html#StaticLoggerBinder for further details.
Starting ChromeDriver 85.0.4183.87 (cd6713ebf92fa1cacc0f1a598df280093af0c5d7-refs/branch-heads/4183@{#1689}) on port 46504
Only local connections are allowed.
Please see https://chromedriver.chromium.org/security-considerations for suggestions on keeping ChromeDriver safe.
ChromeDriver was started successfully.
Sep 20, 2020 9:11:32 PM org.openqa.selenium.remote.ProtocolHandshake createSession
INFO: Detected dialect: W3C
]]></system-err>
  </testcase>
</testsuite>