<?xml version="1.0" encoding="UTF-8"?>
<!-- Generated by org.testng.reporters.JUnitReportReporter -->
<testsuite skipped="0" hostname="DESKTOP-HUBNUF3" name="Jenkins.Parameterize.Testing" tests="1" failures="0" timestamp="20 Sep 2020 15:41:39 GMT" time="0.029" errors="0">
  <testcase name="test1" time="0.029" classname="Jenkins.Parameterize.Testing"/>
</testsuite> <!-- Jenkins.Parameterize.Testing -->
